<?xml version="1.0" encoding="UTF-8"?>
<!-- Generated by org.testng.reporters.JUnitReportReporter -->
<testsuite hostname="ajay-PC" name="com.abtrading.zoho.project.testcases.PotentialTest" tests="2" failures="0" timestamp="4 Jul 2017 06:18:29 GMT" time="48.072" errors="0">
  <testcase name="deletePotentialAccountTest" time="2.476" classname="com.abtrading.zoho.project.testcases.PotentialTest"/>
  <testcase name="createPotentialTest" time="45.596" classname="com.abtrading.zoho.project.testcases.PotentialTest"/>
</testsuite> <!-- com.abtrading.zoho.project.testcases.PotentialTest -->
